<?xml version="1.0" encoding="UTF-8"?>
<!-- Generated by org.testng.reporters.JUnitXMLReporter -->
<testsuite hostname="DESKTOP-C64J8NP" ignored="0" name="Chrome Execution" tests="13" failures="0" timestamp="29 Jul 2020 20:02:04 GMT" time="55.315" errors="0">
  <testcase name="Test0" time="11.194" classname="test.NewTest"/>
  <testcase name="Test1" time="1.412" classname="test.NewTest"/>
  <testcase name="smoke1" time="3.231" classname="test.NewTest"/>
  <testcase name="Test2" time="7.905" classname="test.NewTest"/>
  <testcase name="smoke2" time="0.063" classname="test.NewTest"/>
  <testcase name="Test3" time="2.578" classname="test.NewTest"/>
  <testcase name="smoke3" time="0.072" classname="test.NewTest"/>
  <testcase name="Test4" time="2.626" classname="test.NewTest"/>
  <testcase name="smoke4" time="0.061" classname="test.NewTest"/>
  <testcase name="Test5" time="0.412" classname="test.NewTest"/>
  <testcase name="Test6" time="1.048" classname="test.NewTest"/>
  <testcase name="Test7" time="1.549" classname="test.NewTest"/>
  <testcase name="Test8" time="3.794" classname="test.NewTest"/>
</testsuite> <!-- Chrome Execution -->
