<?xml version="1.0" encoding="UTF-8"?>
<!-- Generated by org.testng.reporters.JUnitXMLReporter -->
<testsuite hostname="DESKTOP-C64J8NP" ignored="0" name=" Chrome Execution" tests="13" failures="0" timestamp="10 Aug 2020 09:15:34 GMT" time="44.669" errors="0">
  <testcase name="Test0" time="5.798" classname="test.NewTest"/>
  <testcase name="Test1" time="2.16" classname="test.NewTest"/>
  <testcase name="smoke1" time="3.233" classname="test.NewTest"/>
  <testcase name="Test2" time="7.914" classname="test.NewTest"/>
  <testcase name="smoke2" time="0.12" classname="test.NewTest"/>
  <testcase name="Test3" time="2.474" classname="test.NewTest"/>
  <testcase name="smoke3" time="0.126" classname="test.NewTest"/>
  <testcase name="Test4" time="2.544" classname="test.NewTest"/>
  <testcase name="smoke4" time="0.057" classname="test.NewTest"/>
  <testcase name="Test5" time="0.098" classname="test.NewTest"/>
  <testcase name="Test6" time="0.343" classname="test.NewTest"/>
  <testcase name="Test7" time="1.568" classname="test.NewTest"/>
  <testcase name="Test8" time="3.68" classname="test.NewTest"/>
</testsuite> <!--  Chrome Execution -->
