<?xml version="1.0" encoding="UTF-8"?>
<!-- Generated by org.testng.reporters.JUnitXMLReporter -->
<testsuite hostname="DESKTOP-C64J8NP" ignored="0" name="Firefox Execution" tests="13" failures="0" timestamp="30 Jul 2020 03:46:38 GMT" time="50.007" errors="0">
  <testcase name="Test0" time="10.097" classname="test.NewTest"/>
  <testcase name="Test1" time="1.513" classname="test.NewTest"/>
  <testcase name="smoke1" time="3.358" classname="test.NewTest"/>
  <testcase name="Test2" time="5.374" classname="test.NewTest"/>
  <testcase name="smoke2" time="0.109" classname="test.NewTest"/>
  <testcase name="Test3" time="2.42" classname="test.NewTest"/>
  <testcase name="smoke3" time="0.164" classname="test.NewTest"/>
  <testcase name="Test4" time="2.37" classname="test.NewTest"/>
  <testcase name="smoke4" time="0.113" classname="test.NewTest"/>
  <testcase name="Test5" time="0.759" classname="test.NewTest"/>
  <testcase name="Test6" time="0.487" classname="test.NewTest"/>
  <testcase name="Test7" time="0.589" classname="test.NewTest"/>
  <testcase name="Test8" time="3.308" classname="test.NewTest"/>
</testsuite> <!-- Firefox Execution -->
