<?xml version="1.0" encoding="UTF-8"?>
<testsuite xmlns:xsi="http://www.w3.org/2001/XMLSchema-instance" xsi:noNamespaceSchemaLocation="https://maven.apache.org/surefire/maven-surefire-plugin/xsd/surefire-test-report.xsd" name="TestSuite" time="77.562" tests="18" errors="0" skipped="0" failures="2">
  <properties>
    <property name="java.runtime.name" value="Java(TM) SE Runtime Environment"/>
    <property name="sun.boot.library.path" value="C:\Program Files\Java\jre1.8.0_241\bin"/>
    <property name="java.vm.version" value="25.241-b07"/>
    <property name="java.vm.vendor" value="Oracle Corporation"/>
    <property name="maven.multiModuleProjectDirectory" value="C:\Users\ARUP\eclipse-workspace\Emicalculator"/>
    <property name="java.vendor.url" value="http://java.oracle.com/"/>
    <property name="path.separator" value=";"/>
    <property name="guice.disable.misplaced.annotation.check" value="true"/>
    <property name="java.vm.name" value="Java HotSpot(TM) 64-Bit Server VM"/>
    <property name="file.encoding.pkg" value="sun.io"/>
    <property name="user.script" value=""/>
    <property name="user.country" value="IN"/>
    <property name="sun.java.launcher" value="SUN_STANDARD"/>
    <property name="sun.os.patch.level" value=""/>
    <property name="java.vm.specification.name" value="Java Virtual Machine Specification"/>
    <property name="user.dir" value="C:\Users\ARUP\eclipse-workspace\Emicalculator"/>
    <property name="java.runtime.version" value="1.8.0_241-b07"/>
    <property name="java.awt.graphicsenv" value="sun.awt.Win32GraphicsEnvironment"/>
    <property name="java.endorsed.dirs" value="C:\Program Files\Java\jre1.8.0_241\lib\endorsed"/>
    <property name="os.arch" value="amd64"/>
    <property name="java.io.tmpdir" value="C:\Users\ARUP\AppData\Local\Temp\"/>
    <property name="line.separator" value="&#10;"/>
    <property name="java.vm.specification.vendor" value="Oracle Corporation"/>
    <property name="user.variant" value=""/>
    <property name="os.name" value="Windows 10"/>
    <property name="classworlds.conf" value="C:\Users\ARUP\eclipse-workspace\.metadata\.plugins\org.eclipse.m2e.launching\launches\m2conf5729284471858159366.tmp"/>
    <property name="sun.jnu.encoding" value="Cp1252"/>
    <property name="java.library.path" value="C:\Program Files\Java\jre1.8.0_241\bin;C:\WINDOWS\Sun\Java\bin;C:\WINDOWS\system32;C:\WINDOWS;C:/Program Files/Java/jre1.8.0_241/bin/server;C:/Program Files/Java/jre1.8.0_241/bin;C:/Program Files/Java/jre1.8.0_241/lib/amd64;C:\Program Files (x86)\Common Files\Oracle\Java\javapath;C:\WINDOWS\system32;C:\WINDOWS;C:\WINDOWS\System32\Wbem;C:\WINDOWS\System32\WindowsPowerShell\v1.0\;C:\Program Files\Java\jdk1.8.0_241\bin;C:\Users\ARUP\Desktop\Chrome Driver;C:\WINDOWS\System32\OpenSSH\;C:\apache-maven-3.6.3\bin;C:\allure-2.13.5\bin;C:\Program Files\Git\cmd;C:\Users\ARUP\AppData\Local\Microsoft\WindowsApps;;C:\WINDOWS\System32;;."/>
    <property name="java.specification.name" value="Java Platform API Specification"/>
    <property name="java.class.version" value="52.0"/>
    <property name="sun.management.compiler" value="HotSpot 64-Bit Tiered Compilers"/>
    <property name="os.version" value="10.0"/>
    <property name="user.home" value="C:\Users\ARUP"/>
    <property name="user.timezone" value="Asia/Calcutta"/>
    <property name="java.awt.printerjob" value="sun.awt.windows.WPrinterJob"/>
    <property name="java.specification.version" value="1.8"/>
    <property name="file.encoding" value="Cp1252"/>
    <property name="user.name" value="ARUP"/>
    <property name="java.class.path" value="C:\Users\ARUP\.p2\pool\plugins\org.eclipse.m2e.maven.runtime_1.16.0.20200610-1735\jars\plexus-classworlds-2.6.0.jar"/>
    <property name="java.vm.specification.version" value="1.8"/>
    <property name="sun.arch.data.model" value="64"/>
    <property name="java.home" value="C:\Program Files\Java\jre1.8.0_241"/>
    <property name="sun.java.command" value="org.codehaus.plexus.classworlds.launcher.Launcher -B test"/>
    <property name="java.specification.vendor" value="Oracle Corporation"/>
    <property name="user.language" value="en"/>
    <property name="awt.toolkit" value="sun.awt.windows.WToolkit"/>
    <property name="java.vm.info" value="mixed mode"/>
    <property name="java.version" value="1.8.0_241"/>
    <property name="java.ext.dirs" value="C:\Program Files\Java\jre1.8.0_241\lib\ext;C:\WINDOWS\Sun\Java\lib\ext"/>
    <property name="sun.boot.class.path" value="C:\Program Files\Java\jre1.8.0_241\lib\resources.jar;C:\Program Files\Java\jre1.8.0_241\lib\rt.jar;C:\Program Files\Java\jre1.8.0_241\lib\sunrsasign.jar;C:\Program Files\Java\jre1.8.0_241\lib\jsse.jar;C:\Program Files\Java\jre1.8.0_241\lib\jce.jar;C:\Program Files\Java\jre1.8.0_241\lib\charsets.jar;C:\Program Files\Java\jre1.8.0_241\lib\jfr.jar;C:\Program Files\Java\jre1.8.0_241\classes"/>
    <property name="java.vendor" value="Oracle Corporation"/>
    <property name="maven.home" value="C:\Users\ARUP\eclipse-workspace\Emicalculator\EMBEDDED"/>
    <property name="file.separator" value="\"/>
    <property name="java.vendor.url.bug" value="http://bugreport.sun.com/bugreport/"/>
    <property name="sun.cpu.endian" value="little"/>
    <property name="sun.io.unicode.encoding" value="UnicodeLittle"/>
    <property name="sun.desktop" value="windows"/>
    <property name="sun.cpu.isalist" value="amd64"/>
  </properties>
  <testcase name="Test0" classname="test.NewTest" time="7.018"/>
  <testcase name="Test1" classname="test.NewTest" time="2.177"/>
  <testcase name="smoke1" classname="test.NewTest" time="3.231"/>
  <testcase name="Test2" classname="test.NewTest" time="7.964"/>
  <testcase name="smoke2" classname="test.NewTest" time="0.111"/>
  <testcase name="Test3" classname="test.NewTest" time="2.474"/>
  <testcase name="smoke3" classname="test.NewTest" time="0.131"/>
  <testcase name="Test4" classname="test.NewTest" time="2.541"/>
  <testcase name="smoke4" classname="test.NewTest" time="0.053"/>
  <testcase name="Test5" classname="test.NewTest" time="0.1"/>
  <testcase name="Test6" classname="test.NewTest" time="0.352"/>
  <testcase name="Test7" classname="test.NewTest" time="1.561"/>
  <testcase name="Test8" classname="test.NewTest" time="3.674"/>
  <testcase name="Test0" classname="test.InvalidTest" time="6.027"/>
  <testcase name="Test1" classname="test.InvalidTest" time="1.2"/>
  <testcase name="Test2" classname="test.InvalidTest" time="5.504"/>
  <testcase name="Test3" classname="test.InvalidTest" time="3.497">
    <failure message="Doesnt contain 0 expected [true] but found [false]" type="java.lang.AssertionError">java.lang.AssertionError: Doesnt contain 0 expected [true] but found [false]
	at test.InvalidTest.Test3(InvalidTest.java:101)
</failure>
    <system-out><![CDATA[08-10-2020 14:45:53 InvalidTest.java INFO  [main] test.InvalidTest 92 - ***********PROVIDING THE INTEREST*************
]]></system-out>
  </testcase>
  <testcase name="Test4" classname="test.InvalidTest" time="3.133">
    <failure message="Doesnt contain 0 expected [true] but found [false]" type="java.lang.AssertionError">java.lang.AssertionError: Doesnt contain 0 expected [true] but found [false]
	at test.InvalidTest.Test4(InvalidTest.java:119)
</failure>
    <system-out><![CDATA[08-10-2020 14:45:57 InvalidTest.java INFO  [main] test.InvalidTest 110 - ***********PROVIDING THE TENURE*************
]]></system-out>
  </testcase>
</testsuite>