<?xml version="1.0" encoding="UTF-8"?>
<testsuite xmlns:xsi="http://www.w3.org/2001/XMLSchema-instance" xsi:noNamespaceSchemaLocation="https://maven.apache.org/surefire/maven-surefire-plugin/xsd/surefire-test-report.xsd" name="TestSuite" time="77.562" tests="18" errors="0" skipped="0" failures="2">
  <properties>
[...]
</properties>
  <testcase name="Test0" classname="test.NewTest" time="7.018"/>
  <testcase name="Test1" classname="test.NewTest" time="2.177"/>
  <testcase name="smoke1" classname="test.NewTest" time="3.231"/>
  <testcase name="Test2" classname="test.NewTest" time="7.964"/>
  <testcase name="smoke2" classname="test.NewTest" time="0.111"/>
  <testcase name="Test3" classname="test.NewTest" time="2.474"/>
  <testcase name="smoke3" classname="test.NewTest" time="0.131"/>
  <testcase name="Test4" classname="test.NewTest" time="2.541"/>
  <testcase name="smoke4" classname="test.NewTest" time="0.053"/>
  <testcase name="Test5" classname="test.NewTest" time="0.1"/>
  <testcase name="Test6" classname="test.NewTest" time="0.352"/>
  <testcase name="Test7" classname="test.NewTest" time="1.561"/>
  <testcase name="Test8" classname="test.NewTest" time="3.674"/>
  <testcase name="Test0" classname="test.InvalidTest" time="6.027"/>
  <testcase name="Test1" classname="test.InvalidTest" time="1.2"/>
  <testcase name="Test2" classname="test.InvalidTest" time="5.504"/>
  <testcase name="Test3" classname="test.InvalidTest" time="3.497">
    <failure message="Doesnt contain 0 expected [true] but found [false]" type="java.lang.AssertionError">java.lang.AssertionError: Doesnt contain 0 expected [true] but found [false]
	at test.InvalidTest.Test3(InvalidTest.java:101)
</failure>
    <system-out><![CDATA[08-10-2020 14:45:53 InvalidTest.java INFO  [main] test.InvalidTest 92 - ***********PROVIDING THE INTEREST*************
]]></system-out>
  </testcase>
  <testcase name="Test4" classname="test.InvalidTest" time="3.133">
    <failure message="Doesnt contain 0 expected [true] but found [false]" type="java.lang.AssertionError">java.lang.AssertionError: Doesnt contain 0 expected [true] but found [false]
	at test.InvalidTest.Test4(InvalidTest.java:119)
</failure>
    <system-out><![CDATA[08-10-2020 14:45:57 InvalidTest.java INFO  [main] test.InvalidTest 110 - ***********PROVIDING THE TENURE*************
]]></system-out>
  </testcase>
</testsuite>